::1 - - [16/Nov/2020:12:47:28 +0000] "GET /api/v1/facilities HTTP/1.1" 200 725 "-" "PostmanRuntime/7.26.8"
::1 - - [16/Nov/2020:12:47:46 +0000] "POST /api/v1/facilities HTTP/1.1" 500 63 "-" "PostmanRuntime/7.26.8"
::1 - - [16/Nov/2020:12:48:21 +0000] "GET /api/v1/auth/me HTTP/1.1" 500 61 "-" "PostmanRuntime/7.26.8"
::1 - - [16/Nov/2020:12:48:31 +0000] "POST /api/v1/auth/login HTTP/1.1" 401 47 "-" "PostmanRuntime/7.26.8"
::1 - - [16/Nov/2020:12:48:39 +0000] "POST /api/v1/auth/login HTTP/1.1" 200 198 "-" "PostmanRuntime/7.26.8"
::1 - - [16/Nov/2020:12:48:44 +0000] "GET /api/v1/auth/me HTTP/1.1" 200 220 "-" "PostmanRuntime/7.26.8"
::1 - - [16/Nov/2020:12:48:51 +0000] "POST /api/v1/facilities HTTP/1.1" 400 60 "-" "PostmanRuntime/7.26.8"
::1 - - [16/Nov/2020:12:49:11 +0000] "POST /api/v1/facilities HTTP/1.1" 200 613 "-" "PostmanRuntime/7.26.8"
::1 - - [16/Nov/2020:12:49:45 +0000] "POST /api/v1/facilities HTTP/1.1" 400 53 "-" "PostmanRuntime/7.26.8"
::1 - - [16/Nov/2020:12:50:13 +0000] "POST /api/v1/facilities HTTP/1.1" 400 79 "-" "PostmanRuntime/7.26.8"
::1 - - [16/Nov/2020:12:50:24 +0000] "POST /api/v1/facilities HTTP/1.1" 200 764 "-" "PostmanRuntime/7.26.8"
::1 - - [16/Nov/2020:12:55:40 +0000] "POST /api/v1/facilities HTTP/1.1" 200 698 "-" "PostmanRuntime/7.26.8"
::1 - - [16/Nov/2020:13:32:20 +0000] "GET /api/v1/facilities HTTP/1.1" 200 - "-" "PostmanRuntime/7.26.8"
::1 - - [16/Nov/2020:13:32:28 +0000] "GET /api/v1/facilities?select=name,description,campus HTTP/1.1" 200 905 "-" "PostmanRuntime/7.26.8"
::1 - - [16/Nov/2020:13:32:37 +0000] "GET /api/v1/facilities?select=name,campus HTTP/1.1" 200 481 "-" "PostmanRuntime/7.26.8"
::1 - - [16/Nov/2020:13:32:56 +0000] "GET /api/v1/facilities?page=1&per_page=2 HTTP/1.1" 200 - "-" "PostmanRuntime/7.26.8"
::1 - - [16/Nov/2020:13:33:27 +0000] "GET /api/v1/facilities?per_page=2&page=2 HTTP/1.1" 200 - "-" "PostmanRuntime/7.26.8"
::1 - - [16/Nov/2020:13:33:38 +0000] "GET /api/v1/facilities?per_page=2&page=3 HTTP/1.1" 200 82 "-" "PostmanRuntime/7.26.8"
::1 - - [16/Nov/2020:13:33:56 +0000] "GET /api/v1/facilities?order_by=name HTTP/1.1" 200 - "-" "PostmanRuntime/7.26.8"
::1 - - [16/Nov/2020:13:34:25 +0000] "GET /api/v1/facilities?order_by=-name HTTP/1.1" 200 - "-" "PostmanRuntime/7.26.8"
::1 - - [16/Nov/2020:13:34:37 +0000] "GET /api/v1/facilities?averageRating[gte]=8 HTTP/1.1" 200 725 "-" "PostmanRuntime/7.26.8"
